Array
(
    [DOCUMENT_ROOT] => /home/lvidarte/src/lvidarte/esp8266/examples/ota/src/c++/ota/bin
    [REMOTE_ADDR] => 192.168.0.22
    [REMOTE_PORT] => 7870
    [SERVER_SOFTWARE] => PHP 7.0.8-0ubuntu0.16.04.3 Development Server
    [SERVER_PROTOCOL] => HTTP/1.0
    [SERVER_NAME] => 0.0.0.0
    [SERVER_PORT] => 3000
    [REQUEST_URI] => /ota.php
    [REQUEST_METHOD] => GET
    [SCRIPT_NAME] => /ota.php
    [SCRIPT_FILENAME] => /home/lvidarte/src/lvidarte/esp8266/examples/ota/src/c++/ota/bin/ota.php
    [PHP_SELF] => /ota.php
    [HTTP_HOST] => 192.168.0.20:3000
    [HTTP_USER_AGENT] => ESP8266-http-Update
    [HTTP_CONNECTION] => close
    [HTTP_X_ESP8266_STA_MAC] => 5C:CF:7F:C0:3E:87
    [HTTP_X_ESP8266_AP_MAC] => 5E:CF:7F:C0:3E:87
    [HTTP_X_ESP8266_FREE_SPACE] => 2813952
    [HTTP_X_ESP8266_SKETCH_SIZE] => 327712
    [HTTP_X_ESP8266_CHIP_SIZE] => 4194304
    [HTTP_X_ESP8266_SDK_VERSION] => 1.5.3(aec24ac9)
    [HTTP_X_ESP8266_MODE] => sketch
    [HTTP_X_ESP8266_VERSION] => firmware-v0.6
    [REQUEST_TIME_FLOAT] => 1486696405.1755
    [REQUEST_TIME] => 1486696405
)

Sending file ./bin/.bin
Array
(
    [DOCUMENT_ROOT] => /home/lvidarte/src/lvidarte/esp8266/examples/ota/src/c++/ota/bin
    [REMOTE_ADDR] => 192.168.0.22
    [REMOTE_PORT] => 9659
    [SERVER_SOFTWARE] => PHP 7.0.8-0ubuntu0.16.04.3 Development Server
    [SERVER_PROTOCOL] => HTTP/1.0
    [SERVER_NAME] => 0.0.0.0
    [SERVER_PORT] => 3000
    [REQUEST_URI] => /ota.php
    [REQUEST_METHOD] => GET
    [SCRIPT_NAME] => /ota.php
    [SCRIPT_FILENAME] => /home/lvidarte/src/lvidarte/esp8266/examples/ota/src/c++/ota/bin/ota.php
    [PHP_SELF] => /ota.php
    [HTTP_HOST] => 192.168.0.20:3000
    [HTTP_USER_AGENT] => ESP8266-http-Update
    [HTTP_CONNECTION] => close
    [HTTP_X_ESP8266_STA_MAC] => 5C:CF:7F:C0:3E:87
    [HTTP_X_ESP8266_AP_MAC] => 5E:CF:7F:C0:3E:87
    [HTTP_X_ESP8266_FREE_SPACE] => 2813952
    [HTTP_X_ESP8266_SKETCH_SIZE] => 327712
    [HTTP_X_ESP8266_CHIP_SIZE] => 4194304
    [HTTP_X_ESP8266_SDK_VERSION] => 1.5.3(aec24ac9)
    [HTTP_X_ESP8266_MODE] => sketch
    [HTTP_X_ESP8266_VERSION] => firmware-v0.6
    [REQUEST_TIME_FLOAT] => 1486696415.2188
    [REQUEST_TIME] => 1486696415
)

Sending file ./bin/.bin
Array
(
    [DOCUMENT_ROOT] => /home/lvidarte/src/lvidarte/esp8266/examples/ota/src/c++/ota/bin
    [REMOTE_ADDR] => 192.168.0.22
    [REMOTE_PORT] => 1541
    [SERVER_SOFTWARE] => PHP 7.0.8-0ubuntu0.16.04.3 Development Server
    [SERVER_PROTOCOL] => HTTP/1.0
    [SERVER_NAME] => 0.0.0.0
    [SERVER_PORT] => 3000
    [REQUEST_URI] => /ota.php
    [REQUEST_METHOD] => GET
    [SCRIPT_NAME] => /ota.php
    [SCRIPT_FILENAME] => /home/lvidarte/src/lvidarte/esp8266/examples/ota/src/c++/ota/bin/ota.php
    [PHP_SELF] => /ota.php
    [HTTP_HOST] => 192.168.0.20:3000
    [HTTP_USER_AGENT] => ESP8266-http-Update
    [HTTP_CONNECTION] => close
    [HTTP_X_ESP8266_STA_MAC] => 5C:CF:7F:C0:3E:87
    [HTTP_X_ESP8266_AP_MAC] => 5E:CF:7F:C0:3E:87
    [HTTP_X_ESP8266_FREE_SPACE] => 2813952
    [HTTP_X_ESP8266_SKETCH_SIZE] => 327712
    [HTTP_X_ESP8266_CHIP_SIZE] => 4194304
    [HTTP_X_ESP8266_SDK_VERSION] => 1.5.3(aec24ac9)
    [HTTP_X_ESP8266_MODE] => sketch
    [HTTP_X_ESP8266_VERSION] => firmware-v0.6
    [REQUEST_TIME_FLOAT] => 1486696425.5478
    [REQUEST_TIME] => 1486696425
)

Sending file ./bin/.bin
Array
(
    [DOCUMENT_ROOT] => /home/lvidarte/src/lvidarte/esp8266/examples/ota/src/c++/ota/bin
    [REMOTE_ADDR] => 192.168.0.22
    [REMOTE_PORT] => 6585
    [SERVER_SOFTWARE] => PHP 7.0.8-0ubuntu0.16.04.3 Development Server
    [SERVER_PROTOCOL] => HTTP/1.0
    [SERVER_NAME] => 0.0.0.0
    [SERVER_PORT] => 3000
    [REQUEST_URI] => /ota.php
    [REQUEST_METHOD] => GET
    [SCRIPT_NAME] => /ota.php
    [SCRIPT_FILENAME] => /home/lvidarte/src/lvidarte/esp8266/examples/ota/src/c++/ota/bin/ota.php
    [PHP_SELF] => /ota.php
    [HTTP_HOST] => 192.168.0.20:3000
    [HTTP_USER_AGENT] => ESP8266-http-Update
    [HTTP_CONNECTION] => close
    [HTTP_X_ESP8266_STA_MAC] => 5C:CF:7F:C0:3E:87
    [HTTP_X_ESP8266_AP_MAC] => 5E:CF:7F:C0:3E:87
    [HTTP_X_ESP8266_FREE_SPACE] => 2813952
    [HTTP_X_ESP8266_SKETCH_SIZE] => 327712
    [HTTP_X_ESP8266_CHIP_SIZE] => 4194304
    [HTTP_X_ESP8266_SDK_VERSION] => 1.5.3(aec24ac9)
    [HTTP_X_ESP8266_MODE] => sketch
    [HTTP_X_ESP8266_VERSION] => firmware-v0.6
    [REQUEST_TIME_FLOAT] => 1486696465.7715
    [REQUEST_TIME] => 1486696465
)

Sending file ./bin/.bin
Array
(
    [DOCUMENT_ROOT] => /home/lvidarte/src/lvidarte/esp8266/examples/ota/src/c++/ota/bin
    [REMOTE_ADDR] => 192.168.0.22
    [REMOTE_PORT] => 4068
    [SERVER_SOFTWARE] => PHP 7.0.8-0ubuntu0.16.04.3 Development Server
    [SERVER_PROTOCOL] => HTTP/1.0
    [SERVER_NAME] => 0.0.0.0
    [SERVER_PORT] => 3000
    [REQUEST_URI] => /ota.php
    [REQUEST_METHOD] => GET
    [SCRIPT_NAME] => /ota.php
    [SCRIPT_FILENAME] => /home/lvidarte/src/lvidarte/esp8266/examples/ota/src/c++/ota/bin/ota.php
    [PHP_SELF] => /ota.php
    [HTTP_HOST] => 192.168.0.20:3000
    [HTTP_USER_AGENT] => ESP8266-http-Update
    [HTTP_CONNECTION] => close
    [HTTP_X_ESP8266_STA_MAC] => 5C:CF:7F:C0:3E:87
    [HTTP_X_ESP8266_AP_MAC] => 5E:CF:7F:C0:3E:87
    [HTTP_X_ESP8266_FREE_SPACE] => 2813952
    [HTTP_X_ESP8266_SKETCH_SIZE] => 327712
    [HTTP_X_ESP8266_CHIP_SIZE] => 4194304
    [HTTP_X_ESP8266_SDK_VERSION] => 1.5.3(aec24ac9)
    [HTTP_X_ESP8266_MODE] => sketch
    [HTTP_X_ESP8266_VERSION] => firmware-v0.6
    [REQUEST_TIME_FLOAT] => 1486696505.9386
    [REQUEST_TIME] => 1486696505
)

Sending file ./bin/...bin
Array
(
    [DOCUMENT_ROOT] => /home/lvidarte/src/lvidarte/esp8266/examples/ota/src/c++/ota/bin
    [REMOTE_ADDR] => 192.168.0.22
    [REMOTE_PORT] => 10151
    [SERVER_SOFTWARE] => PHP 7.0.8-0ubuntu0.16.04.3 Development Server
    [SERVER_PROTOCOL] => HTTP/1.0
    [SERVER_NAME] => 0.0.0.0
    [SERVER_PORT] => 3000
    [REQUEST_URI] => /ota.php
    [REQUEST_METHOD] => GET
    [SCRIPT_NAME] => /ota.php
    [SCRIPT_FILENAME] => /home/lvidarte/src/lvidarte/esp8266/examples/ota/src/c++/ota/bin/ota.php
    [PHP_SELF] => /ota.php
    [HTTP_HOST] => 192.168.0.20:3000
    [HTTP_USER_AGENT] => ESP8266-http-Update
    [HTTP_CONNECTION] => close
    [HTTP_X_ESP8266_STA_MAC] => 5C:CF:7F:C0:3E:87
    [HTTP_X_ESP8266_AP_MAC] => 5E:CF:7F:C0:3E:87
    [HTTP_X_ESP8266_FREE_SPACE] => 2813952
    [HTTP_X_ESP8266_SKETCH_SIZE] => 327712
    [HTTP_X_ESP8266_CHIP_SIZE] => 4194304
    [HTTP_X_ESP8266_SDK_VERSION] => 1.5.3(aec24ac9)
    [HTTP_X_ESP8266_MODE] => sketch
    [HTTP_X_ESP8266_VERSION] => firmware-v0.6
    [REQUEST_TIME_FLOAT] => 1486696515.9738
    [REQUEST_TIME] => 1486696515
)

Sending file ./bin/...bin
Array
(
    [DOCUMENT_ROOT] => /home/lvidarte/src/lvidarte/esp8266/examples/ota/src/c++/ota/bin
    [REMOTE_ADDR] => 192.168.0.22
    [REMOTE_PORT] => 12439
    [SERVER_SOFTWARE] => PHP 7.0.8-0ubuntu0.16.04.3 Development Server
    [SERVER_PROTOCOL] => HTTP/1.0
    [SERVER_NAME] => 0.0.0.0
    [SERVER_PORT] => 3000
    [REQUEST_URI] => /ota.php
    [REQUEST_METHOD] => GET
    [SCRIPT_NAME] => /ota.php
    [SCRIPT_FILENAME] => /home/lvidarte/src/lvidarte/esp8266/examples/ota/src/c++/ota/bin/ota.php
    [PHP_SELF] => /ota.php
    [HTTP_HOST] => 192.168.0.20:3000
    [HTTP_USER_AGENT] => ESP8266-http-Update
    [HTTP_CONNECTION] => close
    [HTTP_X_ESP8266_STA_MAC] => 5C:CF:7F:C0:3E:87
    [HTTP_X_ESP8266_AP_MAC] => 5E:CF:7F:C0:3E:87
    [HTTP_X_ESP8266_FREE_SPACE] => 2813952
    [HTTP_X_ESP8266_SKETCH_SIZE] => 327712
    [HTTP_X_ESP8266_CHIP_SIZE] => 4194304
    [HTTP_X_ESP8266_SDK_VERSION] => 1.5.3(aec24ac9)
    [HTTP_X_ESP8266_MODE] => sketch
    [HTTP_X_ESP8266_VERSION] => firmware-v0.6
    [REQUEST_TIME_FLOAT] => 1486696526.0092
    [REQUEST_TIME] => 1486696526
)

Sending file ./bin/...bin
Array
(
    [DOCUMENT_ROOT] => /home/lvidarte/src/lvidarte/esp8266/examples/ota/src/c++/ota/bin
    [REMOTE_ADDR] => 192.168.0.22
    [REMOTE_PORT] => 27587
    [SERVER_SOFTWARE] => PHP 7.0.8-0ubuntu0.16.04.3 Development Server
    [SERVER_PROTOCOL] => HTTP/1.0
    [SERVER_NAME] => 0.0.0.0
    [SERVER_PORT] => 3000
    [REQUEST_URI] => /ota.php
    [REQUEST_METHOD] => GET
    [SCRIPT_NAME] => /ota.php
    [SCRIPT_FILENAME] => /home/lvidarte/src/lvidarte/esp8266/examples/ota/src/c++/ota/bin/ota.php
    [PHP_SELF] => /ota.php
    [HTTP_HOST] => 192.168.0.20:3000
    [HTTP_USER_AGENT] => ESP8266-http-Update
    [HTTP_CONNECTION] => close
    [HTTP_X_ESP8266_STA_MAC] => 5C:CF:7F:C0:3E:87
    [HTTP_X_ESP8266_AP_MAC] => 5E:CF:7F:C0:3E:87
    [HTTP_X_ESP8266_FREE_SPACE] => 2813952
    [HTTP_X_ESP8266_SKETCH_SIZE] => 327712
    [HTTP_X_ESP8266_CHIP_SIZE] => 4194304
    [HTTP_X_ESP8266_SDK_VERSION] => 1.5.3(aec24ac9)
    [HTTP_X_ESP8266_MODE] => sketch
    [HTTP_X_ESP8266_VERSION] => firmware-v0.6
    [REQUEST_TIME_FLOAT] => 1486696666.6017
    [REQUEST_TIME] => 1486696666
)

Sending file ./bin/...bin
Array
(
    [DOCUMENT_ROOT] => /home/lvidarte/src/lvidarte/esp8266/examples/ota/src/c++/ota/bin
    [REMOTE_ADDR] => 192.168.0.22
    [REMOTE_PORT] => 14847
    [SERVER_SOFTWARE] => PHP 7.0.8-0ubuntu0.16.04.3 Development Server
    [SERVER_PROTOCOL] => HTTP/1.0
    [SERVER_NAME] => 0.0.0.0
    [SERVER_PORT] => 3000
    [REQUEST_URI] => /ota.php
    [REQUEST_METHOD] => GET
    [SCRIPT_NAME] => /ota.php
    [SCRIPT_FILENAME] => /home/lvidarte/src/lvidarte/esp8266/examples/ota/src/c++/ota/bin/ota.php
    [PHP_SELF] => /ota.php
    [HTTP_HOST] => 192.168.0.20:3000
    [HTTP_USER_AGENT] => ESP8266-http-Update
    [HTTP_CONNECTION] => close
    [HTTP_X_ESP8266_STA_MAC] => 5C:CF:7F:C0:3E:87
    [HTTP_X_ESP8266_AP_MAC] => 5E:CF:7F:C0:3E:87
    [HTTP_X_ESP8266_FREE_SPACE] => 2813952
    [HTTP_X_ESP8266_SKETCH_SIZE] => 327712
    [HTTP_X_ESP8266_CHIP_SIZE] => 4194304
    [HTTP_X_ESP8266_SDK_VERSION] => 1.5.3(aec24ac9)
    [HTTP_X_ESP8266_MODE] => sketch
    [HTTP_X_ESP8266_VERSION] => firmware-v0.6
    [REQUEST_TIME_FLOAT] => 1486696676.6373
    [REQUEST_TIME] => 1486696676
)

Sending file ./bin/...bin
